android/app/build/outputs/logs/manifest-merger-debug-report.txt
-- Merging decision tree log ---
manifest
ADDED from src/main/AndroidManifest.xml:1:1-21:12
INJECTED from src/main/AndroidManifest.xml:1:1-21:12
INJECTED from src/main/AndroidManifest.xml:1:1-21:12
INJECTED from src/main/AndroidManifest.xml:1:1-21:12
INJECTED from src/main/AndroidManifest.xml:1:1-21:12
INJECTED from src/main/AndroidManifest.xml:1:1-21:12
INJECTED from src/main/AndroidManifest.xml:1:1-21:12
	package
		ADDED from src/main/AndroidManifest.xml:2:5-30
		INJECTED from src/main/AndroidManifest.xml
		INJECTED from src/main/AndroidManifest.xml
	android:versionName
		INJECTED from src/main/AndroidManifest.xml
		ADDED from src/main/AndroidManifest.xml:1:1-21:12
		INJECTED from src/main/AndroidManifest.xml
	android:versionCode
		INJECTED from src/main/AndroidManifest.xml
		ADDED from src/main/AndroidManifest.xml:1:1-21:12
		INJECTED from src/main/AndroidManifest.xml
	xmlns:android
		ADDED from src/main/AndroidManifest.xml:1:11-69
uses-permission#android.permission.INTERNET
ADDED from src/main/AndroidManifest.xml:4:5-67
	android:name
		ADDED from src/main/AndroidManifest.xml:4:22-64
uses-permission#android.permission.SYSTEM_ALERT_WINDOW
ADDED from src/main/AndroidManifest.xml:5:5-77
	android:name
		ADDED from src/main/AndroidManifest.xml:5:22-75
application
ADDED from src/main/AndroidManifest.xml:7:5-19:19
activity#com.rnsampleapp.RnSampleActivity
ADDED from src/main/AndroidManifest.xml:8:7-17:18
	android:label
		ADDED from src/main/AndroidManifest.xml:10:9-41
	android:windowSoftInputMode
		ADDED from src/main/AndroidManifest.xml:12:9-51
	android:configChanges
		ADDED from src/main/AndroidManifest.xml:11:9-79
	android:name
		ADDED from src/main/AndroidManifest.xml:9:9-41
intent-filter#action:name:android.intent.action.MAIN+category:name:android.intent.category.LAUNCHER
ADDED from src/main/AndroidManifest.xml:13:9-16:25
action#android.intent.action.MAIN
ADDED from src/main/AndroidManifest.xml:14:13-65
	android:name
		ADDED from src/main/AndroidManifest.xml:14:21-62
category#android.intent.category.LAUNCHER
ADDED from src/main/AndroidManifest.xml:15:13-73
	android:name
		ADDED from src/main/AndroidManifest.xml:15:23-70
activity#com.facebook.react.devsupport.DevSettingsActivity
ADDED from src/main/AndroidManifest.xml:18:7-84
	android:name
		ADDED from src/main/AndroidManifest.xml:18:17-81
uses-sdk
INJECTED from src/main/AndroidManifest.xml reason: use-sdk injection requested
INJECTED from src/main/AndroidManifest.xml
INJECTED from src/main/AndroidManifest.xml
INJECTED from src/main/AndroidManifest.xml
INJECTED from src/main/AndroidManifest.xml
	android:targetSdkVersion
		INJECTED from src/main/AndroidManifest.xml
		ADDED from src/main/AndroidManifest.xml
		INJECTED from src/main/AndroidManifest.xml
	android:minSdkVersion
		INJECTED from src/main/AndroidManifest.xml
		ADDED from src/main/AndroidManifest.xml
		INJECTED from src/main/AndroidManifest.xml